2015-W33,681
2015-W12,4
2015-W37,822
2014-W18,21
2015-W17,65
2015-W22,387
2015-W05,255
2014-W38,92
2014-W52,262
2014-W29,61
2014-W27,16
2014-W42,103
2015-W01,104
2014-W24,81
2014-W37,91
2015-W32,495
2014-W20,17
2015-W13,333
2015-W26,717
2014-W40,29
2015-W18,317
2015-W38,662
2014-W39,107
2015-W30,583
2015-W34,631
2014-W25,234
2014-W26,140
2015-W09,351
2015-W36,638
2015-W23,308
2015-W10,36
2015-W27,554
2015-W24,280
2014-W30,244
2014-W47,197
2015-W21,42
2015-W14,43
2014-W31,91
2014-W48,184
2014-W17,26
2014-W46,2
2014-W16,1
2015-W31,598
2015-W28,453
2015-W08,38
2015-W35,697
2014-W44,148
2014-W35,47
2015-W04,150
2014-W21,266
2014-W43,158
2014-W36,33
2014-W22,180
2015-W25,527
2014-W41,11
2015-W29,561
2014-W51,22
