2014-07-24,9397
2015-03-18,73
2015-06-11,6982
2015-05-30,274
2015-08-17,10964
2015-09-06,1899
2014-04-29,2397
2014-09-22,4089
2014-05-18,3080
2014-10-23,3702
2015-08-21,8866
2015-09-04,10204
2014-05-30,635
2014-09-30,556
2015-08-15,5120
2015-09-17,14370
2014-09-11,4221
2015-06-17,10237
2015-08-29,565
2015-08-19,11195
2015-06-25,9696
2015-05-24,2744
2015-03-24,4145
2015-07-01,9517
2015-06-24,10388
2014-07-22,8296
2015-06-08,7549
2014-10-12,1080
2015-07-08,10010
2014-09-17,3242
2014-06-13,1557
2015-07-19,1164
2015-08-04,10603
2014-06-25,2245
2015-03-28,973
2015-08-30,3721
2015-05-22,1745
2014-04-30,624
2014-09-25,3481
2014-06-29,533
2014-09-16,2654
2014-05-20,7267
2015-08-26,13756
2014-10-30,5598
2015-07-25,599
2014-11-22,666
2014-11-20,7703
2015-08-11,18730
2014-06-21,1006
2015-04-30,3023
2014-04-27,420
2014-12-30,2593
2014-05-21,8916
2014-12-27,1156
2014-06-18,6576
2015-06-20,874
2015-05-31,403
2015-07-09,7085
2014-05-27,6779
2015-06-26,11046
2015-08-12,14948
2015-06-02,12326
2015-02-25,5637
2014-10-27,7153
2014-11-21,3989
2014-12-25,1134
2015-03-29,329
2015-05-29,8416
2014-11-29,1369
2015-06-13,3175
2014-12-29,6764
2015-07-12,4124
2015-08-24,14747
2015-09-09,13428
2015-09-08,16958
2015-03-25,7059
2014-11-24,3898
2015-06-21,244
2015-01-30,1388
2015-08-28,5741
2015-06-19,11462
2015-01-24,3301
2015-04-26,2454
2015-06-12,5172
2014-10-24,3143
2015-04-28,7141
2015-06-05,3031
2014-06-20,2989
2014-06-26,7240
2015-06-28,1116
2015-09-10,19234
2015-06-10,2300
2015-07-21,9565
2015-05-25,5652
2015-04-29,7892
2015-07-06,8406
2015-08-18,12570
2014-06-23,5184
2015-07-16,10956
2014-04-23,942
2014-07-18,4491
2015-06-09,4291
2015-06-01,3905
2015-04-25,603
2014-09-15,2888
2014-06-30,4820
2014-12-21,1704
2014-07-17,4560
2015-07-18,1766
2015-08-31,9207
2014-09-19,1884
2015-01-28,3149
2015-07-24,12780
2015-02-23,4979
2015-09-15,13205
2015-01-29,3552
2015-09-05,215
2015-06-04,3758
2015-06-30,9700
2014-05-28,6666
2014-09-21,1571
2015-02-27,4060
2015-09-01,12255
2014-07-29,4619
2015-07-15,11820
2015-08-13,19083
2014-05-23,917
2015-09-13,2124
2015-07-17,10677
2015-08-20,13646
2015-02-21,0
2014-09-26,2066
2014-07-27,3288
2014-10-26,3027
2015-08-14,11546
2014-07-25,4521
2015-06-23,9240
2015-07-04,373
2014-11-18,6140
2015-07-29,9500
2014-06-24,6195
2014-06-15,987
2015-02-19,1468
2014-06-17,12256
2014-12-22,7248
2015-01-27,4624
2014-06-27,1291
2015-07-05,604
2015-01-25,6349
2015-07-31,10900
2014-11-27,8044
2014-09-05,831
2015-02-26,7088
2014-12-24,2744
2015-03-01,477
2014-12-26,1670
2015-07-07,5524
2014-05-19,3912
2014-04-28,2153
2014-07-20,2494
2015-07-30,11644
2015-07-13,10315
2014-10-15,3247
2014-10-13,1552
2015-05-26,9742
2015-07-23,13341
2014-10-22,3345
2015-08-23,3644
2015-06-29,6789
2014-07-28,5224
2015-02-22,250
2014-10-21,2428
2014-09-28,2174
2014-07-23,4352
2015-08-25,10373
2015-06-16,10108
2014-09-09,3644
2015-03-26,6968
2015-04-24,1381
2015-09-07,12599
2014-11-26,2906
2015-07-20,3696
2014-05-16,2
2015-08-06,13197
2014-10-19,2020
2015-08-02,1272
2015-06-22,6164
2014-06-19,7961
2014-09-10,2872
2015-06-18,17067
2014-05-26,3290
2015-05-23,0
2015-05-27,8833
2014-09-08,899
2015-03-20,288
2014-11-28,4407
2015-09-18,8120
2014-05-24,1382
2015-08-05,11635
2014-04-24,1576
2014-07-21,7065
2014-05-22,11144
2015-01-26,4518
2014-11-16,923
2014-06-11,3656
2015-08-10,14242
2014-06-12,1813
2015-09-16,13720
2015-03-30,3177
2015-08-03,7473
2014-09-23,520
2015-06-15,2278
2015-08-27,12180
2014-11-19,7300
2015-07-03,3745
2015-02-20,2241
2015-08-22,1624
2015-08-16,3452
2014-09-12,1891
2015-04-27,5804
2015-02-24,6496
2014-04-25,1083
2014-10-16,724
2014-09-29,2637
2015-06-14,127
2015-06-03,10078
2015-08-09,2835
2015-09-03,12703
2014-09-24,6362
2015-08-01,1253
2014-08-28,232
2014-10-28,4982
2014-11-23,396
2015-09-14,11247
2014-09-14,1245
2014-05-17,235
2015-08-07,12467
2015-09-11,9998
2014-08-29,1966
2015-06-27,448
2015-07-10,7136
2015-06-07,1166
2014-11-30,241
2015-02-28,448
2015-07-26,3647
2014-10-20,1997
2014-06-22,1777
2015-07-02,9688
2015-03-02,2716
2014-10-29,5015
2014-09-02,6
2015-07-14,9531
2014-11-17,6522
2014-09-04,1272
2015-09-12,2026
2014-09-03,720
2015-03-27,6184
2014-07-30,4400
2014-10-14,2215
2015-07-22,16205
2014-04-22,299
2015-09-02,14653
2014-05-25,1186
2014-10-17,2003
2014-04-21,166
2014-12-23,7916
2014-12-28,901
2014-06-16,5094
2015-08-08,410
2015-07-28,16968
2014-11-25,4840
2014-05-29,5063
2015-05-28,8522
2014-09-18,2625
2015-07-27,14344
