2014-08-27,5
2014-10-29,4402
2014-12-03,5911
2015-04-26,364
2014-10-10,1850
2015-03-19,1988
2014-11-25,5683
2015-02-26,2473
2015-04-30,2807
2015-03-22,6
2015-01-08,682
2014-09-08,975
2014-12-23,738
2014-12-10,1160
2014-12-25,34
2015-04-17,514
2014-11-28,1671
2014-08-29,643
2015-06-15,847
2015-04-16,2431
2014-09-09,2061
2015-06-03,1010
2015-06-01,69
2015-03-10,879
2015-02-17,2448
2015-03-21,12
2015-06-21,19
2015-05-19,2440
2014-09-15,1384
2015-03-12,3285
2014-10-28,3100
2015-04-27,1364
2014-10-30,1538
2015-05-28,1072
2015-03-30,2433
2015-01-28,1909
2014-10-15,4742
2015-06-02,1473
2015-03-23,169
2015-02-25,2064
2014-08-21,427
2014-11-17,1994
2015-06-10,1626
2015-05-18,80
2014-12-04,4558
2015-02-19,1108
2014-09-16,831
2014-10-17,3229
2015-01-26,2583
2015-02-14,392
2015-01-07,241
2015-02-27,1903
2014-09-25,314
2014-12-15,413
2015-04-19,286
2015-05-29,267
2015-01-21,3066
2014-09-02,269
2014-12-22,1831
2015-06-05,2245
2015-01-15,3488
2015-02-13,2074
2014-12-05,1172
2014-12-06,14
2015-01-29,1066
2015-05-27,1549
2014-10-24,5360
2014-11-11,208
2014-12-24,1508
2014-09-07,648
2014-11-30,1292
2015-06-12,2463
2015-02-12,2083
2014-10-19,10
2014-11-24,5974
2014-12-09,4531
2014-11-14,2686
2015-02-15,12
2015-03-13,4906
2014-12-02,5750
2014-11-22,361
2014-10-27,3165
2015-04-25,39
2015-06-19,1595
2014-09-27,2
2014-10-21,2115
2014-11-21,2780
2014-11-20,3456
2015-03-27,2077
2014-09-11,1703
2015-01-22,4627
2014-10-22,4439
2014-11-19,4539
2015-05-20,1810
2014-09-18,1823
2015-01-30,946
2015-03-14,393
2014-09-10,2138
2014-11-23,183
2015-02-23,2999
2014-12-12,1341
2015-02-28,940
2014-09-29,1284
2014-10-25,82
2014-09-17,3424
2015-04-15,3237
2014-09-04,311
2014-10-23,1171
2015-04-29,3120
2015-05-30,213
2015-02-18,2159
2015-05-17,864
2014-11-18,1468
2015-01-23,3308
2015-04-24,5194
2014-12-11,1297
2015-02-16,5752
2015-01-13,859
2014-10-14,1944
2014-10-20,5327
2015-05-25,1700
2015-01-11,650
2015-04-22,1121
2015-06-08,2510
2015-03-25,903
2014-12-01,1448
2014-10-18,526
2015-06-22,1634
2015-03-17,2359
2015-04-18,56
2015-06-11,1075
2015-03-15,603
2015-03-20,1353
2014-12-16,364
2014-08-18,908
2015-03-24,1161
2014-11-26,4173
2015-03-16,2451
2015-06-17,901
2015-04-28,3758
2015-05-22,2762
2014-12-30,981
2015-04-21,4146
2015-03-11,2734
2014-09-20,11
2015-03-02,1366
2015-01-16,3432
2015-03-09,342
2015-06-18,1228
2014-09-19,1008
2015-02-20,1108
2014-12-29,258
2015-01-19,1819
2015-06-04,3487
2014-12-17,1201
2015-04-23,2152
2014-08-26,1
2014-12-19,1797
2015-05-14,3254
2015-06-16,771
2015-03-18,4846
2015-06-09,3421
2014-09-23,879
2014-12-18,2446
2014-10-16,2818
2015-05-15,1770
2014-11-16,10
2014-11-27,3840
2015-05-26,470
2015-01-12,2002
2014-08-20,4
2015-04-20,1353
2015-01-20,536
2015-05-13,3212
2015-02-11,1114
2014-09-03,1326
2014-12-08,3175
2014-09-12,2371
2014-09-05,542
2014-12-21,53
2015-01-14,1497
2014-11-10,1266
2015-03-26,2568
2015-01-24,48
2014-08-25,98
2014-09-26,1265
2015-05-16,394
2014-09-22,203
2015-05-12,3976
2015-05-21,2622
2014-11-12,1696
2014-09-30,996
2015-06-13,21
2015-02-24,461
2014-09-24,1056
2015-01-27,3406
2014-11-13,1670
2015-03-28,18
2015-02-21,390
2015-01-09,1683
